2026-07-04 12:26:33.131 [INFO ] NtripCaster v1.001.1.10  'CasterCesar'  0.0.0.0:2101  conf=conf/ntripcaster.conf  log=ntripcaster.log
2026-07-04 12:26:35.291 [INFO ] ntrip: SOURCE v1 fd=6 mp=BASE1 addr=127.0.0.1:38566
2026-07-04 12:26:35.292 [INFO ] ntrip: source v1 registrado fd=6 mp=BASE1
2026-07-04 12:27:03.069 [INFO ] stats: mount=BASE1 ONLINE clientes=0  1.2 KB/s  frames+156 (tot 156)  corrupto+0B (tot 0)  tipos: 1074:29 1084:29 1094:29 1114:29 1124:28 1033:3 1006:3 1230:3 1013:3
2026-07-04 12:27:33.042 [INFO ] stats: mount=BASE1 ONLINE clientes=0  1.2 KB/s  frames+162 (tot 318)  corrupto+0B (tot 0)  tipos: 1074:59 1084:59 1094:59 1114:59 1124:58 1033:6 1006:6 1230:6 1013:6
2026-07-04 12:27:45.733 [INFO ] ntrip: CLIENT fd=7 mp=BASE1 user=rover1 v1 addr=127.0.0.1:43096
2026-07-04 12:27:45.734 [INFO ] ntrip: client suscrito fd=7 mp=BASE1
2026-07-04 12:28:03.184 [INFO ] stats: mount=BASE1 ONLINE clientes=1  1.2 KB/s  frames+163 (tot 481)  corrupto+0B (tot 0)  tipos: 1074:89 1084:89 1094:89 1114:89 1124:89 1033:9 1006:9 1230:9 1013:9
2026-07-04 12:28:33.038 [INFO ] stats: mount=BASE1 ONLINE clientes=1  1.4 KB/s  frames+235 (tot 716)  corrupto+0B (tot 0)  tipos: 1074:118 1084:118 1094:118 1114:118 1124:118 1033:12 1006:12 1230:12 1013:12 1042:20 1045:14 1046:14 1019:16 1020:12 1044:2
2026-07-04 12:29:03.055 [INFO ] stats: mount=BASE1 ONLINE clientes=1  1.3 KB/s  frames+166 (tot 882)  corrupto+0B (tot 0)  tipos: 1074:149 1084:149 1094:149 1114:149 1124:148 1033:15 1006:15 1230:15 1013:15 1042:20 1045:14 1046:14 1019:16 1020:12 1044:2
2026-07-04 12:29:33.098 [INFO ] stats: mount=BASE1 ONLINE clientes=1  1.3 KB/s  frames+163 (tot 1045)  corrupto+0B (tot 0)  tipos: 1074:179 1084:179 1094:179 1114:179 1124:179 1033:18 1006:18 1230:18 1013:18 1042:20 1045:14 1046:14 1019:16 1020:12 1044:2
2026-07-04 12:30:03.036 [INFO ] stats: mount=BASE1 ONLINE clientes=1  1.2 KB/s  frames+161 (tot 1206)  corrupto+0B (tot 0)  tipos: 1074:209 1084:209 1094:209 1114:209 1124:208 1033:21 1006:21 1230:21 1013:21 1042:20 1045:14 1046:14 1019:16 1020:12 1044:2
2026-07-04 12:30:33.101 [INFO ] stats: mount=BASE1 ONLINE clientes=1  1.4 KB/s  frames+241 (tot 1447)  corrupto+0B (tot 0)  tipos: 1074:239 1084:239 1094:239 1114:239 1124:239 1033:24 1006:24 1230:24 1013:24 1042:40 1045:28 1046:28 1019:32 1020:24 1044:4
2026-07-04 12:31:03.086 [INFO ] stats: mount=BASE1 ONLINE clientes=1  1.2 KB/s  frames+162 (tot 1609)  corrupto+0B (tot 0)  tipos: 1074:269 1084:269 1094:269 1114:269 1124:269 1033:27 1006:27 1230:27 1013:27 1042:40 1045:28 1046:28 1019:32 1020:24 1044:4
2026-07-04 12:31:33.008 [INFO ] stats: mount=BASE1 ONLINE clientes=1  1.2 KB/s  frames+157 (tot 1766)  corrupto+0B (tot 0)  tipos: 1074:298 1084:298 1094:298 1114:298 1124:298 1033:30 1006:30 1230:30 1013:30 1042:40 1045:28 1046:28 1019:32 1020:24 1044:4
2026-07-04 12:32:03.076 [INFO ] stats: mount=BASE1 ONLINE clientes=1  1.3 KB/s  frames+167 (tot 1933)  corrupto+0B (tot 0)  tipos: 1074:329 1084:329 1094:329 1114:329 1124:329 1033:33 1006:33 1230:33 1013:33 1042:40 1045:28 1046:28 1019:32 1020:24 1044:4
2026-07-04 12:32:33.066 [INFO ] stats: mount=BASE1 ONLINE clientes=1  1.4 KB/s  frames+240 (tot 2173)  corrupto+0B (tot 0)  tipos: 1074:359 1084:359 1094:359 1114:359 1124:359 1033:36 1006:36 1230:36 1013:36 1042:60 1045:42 1046:42 1019:48 1020:36 1044:6
2026-07-04 12:33:03.126 [INFO ] stats: mount=BASE1 ONLINE clientes=1  1.2 KB/s  frames+159 (tot 2332)  corrupto+0B (tot 0)  tipos: 1074:389 1084:389 1094:388 1114:388 1124:388 1033:39 1006:39 1230:39 1013:39 1042:60 1045:42 1046:42 1019:48 1020:36 1044:6
2026-07-04 12:33:33.052 [INFO ] stats: mount=BASE1 ONLINE clientes=1  1.3 KB/s  frames+164 (tot 2496)  corrupto+0B (tot 0)  tipos: 1074:419 1084:419 1094:419 1114:419 1124:418 1033:42 1006:42 1230:42 1013:42 1042:60 1045:42 1046:42 1019:48 1020:36 1044:6
2026-07-04 12:34:03.113 [INFO ] stats: mount=BASE1 ONLINE clientes=1  1.2 KB/s  frames+160 (tot 2656)  corrupto+0B (tot 0)  tipos: 1074:449 1084:449 1094:448 1114:448 1124:448 1033:45 1006:45 1230:45 1013:45 1042:60 1045:42 1046:42 1019:48 1020:36 1044:6
2026-07-04 12:34:33.080 [INFO ] stats: mount=BASE1 ONLINE clientes=1  1.4 KB/s  frames+239 (tot 2895)  corrupto+0B (tot 0)  tipos: 1074:479 1084:478 1094:478 1114:478 1124:478 1033:48 1006:48 1230:48 1013:48 1042:80 1045:56 1046:56 1019:64 1020:48 1044:8
2026-07-04 12:35:03.079 [INFO ] stats: mount=BASE1 ONLINE clientes=1  1.3 KB/s  frames+165 (tot 3060)  corrupto+0B (tot 0)  tipos: 1074:509 1084:509 1094:509 1114:509 1124:508 1033:51 1006:51 1230:51 1013:51 1042:80 1045:56 1046:56 1019:64 1020:48 1044:8
2026-07-04 12:35:33.113 [INFO ] stats: mount=BASE1 ONLINE clientes=1  1.2 KB/s  frames+159 (tot 3219)  corrupto+0B (tot 0)  tipos: 1074:539 1084:538 1094:538 1114:538 1124:538 1033:54 1006:54 1230:54 1013:54 1042:80 1045:56 1046:56 1019:64 1020:48 1044:8
2026-07-04 12:36:03.128 [INFO ] stats: mount=BASE1 ONLINE clientes=1  1.3 KB/s  frames+166 (tot 3385)  corrupto+0B (tot 0)  tipos: 1074:569 1084:569 1094:569 1114:569 1124:569 1033:57 1006:57 1230:57 1013:57 1042:80 1045:56 1046:56 1019:64 1020:48 1044:8
2026-07-04 12:36:33.066 [INFO ] stats: mount=BASE1 ONLINE clientes=1  1.4 KB/s  frames+240 (tot 3625)  corrupto+0B (tot 0)  tipos: 1074:599 1084:599 1094:599 1114:599 1124:599 1033:60 1006:60 1230:60 1013:60 1042:100 1045:70 1046:70 1019:80 1020:60 1044:10
2026-07-04 12:37:03.092 [INFO ] stats: mount=BASE1 ONLINE clientes=1  1.2 KB/s  frames+157 (tot 3782)  corrupto+0B (tot 0)  tipos: 1074:628 1084:628 1094:628 1114:628 1124:628 1033:63 1006:63 1230:63 1013:63 1042:100 1045:70 1046:70 1019:80 1020:60 1044:10
2026-07-04 12:37:33.185 [INFO ] stats: mount=BASE1 ONLINE clientes=1  1.3 KB/s  frames+167 (tot 3949)  corrupto+0B (tot 0)  tipos: 1074:659 1084:659 1094:659 1114:659 1124:659 1033:66 1006:66 1230:66 1013:66 1042:100 1045:70 1046:70 1019:80 1020:60 1044:10
2026-07-04 12:38:03.058 [INFO ] stats: mount=BASE1 ONLINE clientes=1  1.2 KB/s  frames+157 (tot 4106)  corrupto+0B (tot 0)  tipos: 1074:688 1084:688 1094:688 1114:688 1124:688 1033:69 1006:69 1230:69 1013:69 1042:100 1045:70 1046:70 1019:80 1020:60 1044:10
2026-07-04 12:38:33.105 [INFO ] stats: mount=BASE1 ONLINE clientes=1  1.5 KB/s  frames+245 (tot 4351)  corrupto+0B (tot 0)  tipos: 1074:719 1084:719 1094:719 1114:719 1124:719 1033:72 1006:72 1230:72 1013:72 1042:120 1045:84 1046:84 1019:96 1020:72 1044:12
2026-07-04 12:39:03.061 [INFO ] stats: mount=BASE1 ONLINE clientes=1  1.2 KB/s  frames+158 (tot 4509)  corrupto+0B (tot 0)  tipos: 1074:749 1084:748 1094:748 1114:748 1124:748 1033:75 1006:75 1230:75 1013:75 1042:120 1045:84 1046:84 1019:96 1020:72 1044:12
2026-07-04 12:39:33.085 [INFO ] stats: mount=BASE1 ONLINE clientes=1  1.2 KB/s  frames+161 (tot 4670)  corrupto+0B (tot 0)  tipos: 1074:778 1084:778 1094:778 1114:778 1124:778 1033:78 1006:78 1230:78 1013:78 1042:120 1045:84 1046:84 1019:96 1020:72 1044:12
2026-07-04 12:40:03.088 [INFO ] stats: mount=BASE1 ONLINE clientes=1  1.2 KB/s  frames+162 (tot 4832)  corrupto+0B (tot 0)  tipos: 1074:808 1084:808 1094:808 1114:808 1124:808 1033:81 1006:81 1230:81 1013:81 1042:120 1045:84 1046:84 1019:96 1020:72 1044:12
2026-07-04 12:40:33.081 [INFO ] stats: mount=BASE1 ONLINE clientes=1  1.4 KB/s  frames+242 (tot 5074)  corrupto+0B (tot 0)  tipos: 1074:839 1084:839 1094:838 1114:838 1124:838 1033:84 1006:84 1230:84 1013:84 1042:140 1045:98 1046:98 1019:112 1020:84 1044:14
2026-07-04 12:41:03.095 [INFO ] stats: mount=BASE1 ONLINE clientes=1  1.2 KB/s  frames+160 (tot 5234)  corrupto+0B (tot 0)  tipos: 1074:868 1084:868 1094:868 1114:868 1124:868 1033:87 1006:87 1230:87 1013:87 1042:140 1045:98 1046:98 1019:112 1020:84 1044:14
2026-07-04 12:41:33.113 [INFO ] stats: mount=BASE1 ONLINE clientes=1  1.3 KB/s  frames+167 (tot 5401)  corrupto+0B (tot 0)  tipos: 1074:899 1084:899 1094:899 1114:899 1124:899 1033:90 1006:90 1230:90 1013:90 1042:140 1045:98 1046:98 1019:112 1020:84 1044:14
2026-07-04 12:42:03.106 [INFO ] stats: mount=BASE1 ONLINE clientes=1  1.2 KB/s  frames+162 (tot 5563)  corrupto+0B (tot 0)  tipos: 1074:929 1084:929 1094:929 1114:929 1124:929 1033:93 1006:93 1230:93 1013:93 1042:140 1045:98 1046:98 1019:112 1020:84 1044:14
2026-07-04 12:42:33.063 [INFO ] stats: mount=BASE1 ONLINE clientes=1  1.4 KB/s  frames+234 (tot 5797)  corrupto+0B (tot 0)  tipos: 1074:958 1084:958 1094:958 1114:958 1124:958 1033:96 1006:96 1230:96 1013:96 1042:160 1045:112 1046:111 1019:128 1020:96 1044:16
2026-07-04 12:43:03.037 [INFO ] stats: mount=BASE1 ONLINE clientes=1  1.3 KB/s  frames+166 (tot 5963)  corrupto+0B (tot 0)  tipos: 1074:989 1084:989 1094:989 1114:989 1124:988 1033:99 1006:99 1230:99 1013:99 1042:160 1045:112 1046:111 1019:128 1020:96 1044:16
2026-07-04 12:43:33.070 [INFO ] stats: mount=BASE1 ONLINE clientes=1  1.2 KB/s  frames+163 (tot 6126)  corrupto+0B (tot 0)  tipos: 1074:1019 1084:1019 1094:1019 1114:1019 1124:1019 1033:102 1006:102 1230:102 1013:102 1042:160 1045:112 1046:111 1019:128 1020:96 1044:16
2026-07-04 12:44:03.051 [INFO ] stats: mount=BASE1 ONLINE clientes=1  1.2 KB/s  frames+161 (tot 6287)  corrupto+0B (tot 0)  tipos: 1074:1049 1084:1049 1094:1049 1114:1049 1124:1048 1033:105 1006:105 1230:105 1013:105 1042:160 1045:112 1046:111 1019:128 1020:96 1044:16
2026-07-04 12:44:33.038 [INFO ] stats: mount=BASE1 ONLINE clientes=1  1.4 KB/s  frames+240 (tot 6527)  corrupto+0B (tot 0)  tipos: 1074:1079 1084:1079 1094:1079 1114:1079 1124:1079 1033:108 1006:108 1230:108 1013:108 1042:180 1045:126 1046:124 1019:144 1020:108 1044:18
2026-07-04 12:45:03.045 [INFO ] stats: mount=BASE1 ONLINE clientes=1  1.2 KB/s  frames+161 (tot 6688)  corrupto+0B (tot 0)  tipos: 1074:1109 1084:1109 1094:1109 1114:1109 1124:1108 1033:111 1006:111 1230:111 1013:111 1042:180 1045:126 1046:124 1019:144 1020:108 1044:18
2026-07-04 12:45:33.037 [INFO ] stats: mount=BASE1 ONLINE clientes=1  1.2 KB/s  frames+162 (tot 6850)  corrupto+0B (tot 0)  tipos: 1074:1139 1084:1139 1094:1139 1114:1139 1124:1138 1033:114 1006:114 1230:114 1013:114 1042:180 1045:126 1046:124 1019:144 1020:108 1044:18
2026-07-04 12:46:03.175 [INFO ] stats: mount=BASE1 ONLINE clientes=1  1.2 KB/s  frames+163 (tot 7013)  corrupto+0B (tot 0)  tipos: 1074:1169 1084:1169 1094:1169 1114:1169 1124:1169 1033:117 1006:117 1230:117 1013:117 1042:180 1045:126 1046:124 1019:144 1020:108 1044:18
2026-07-04 12:46:33.056 [INFO ] stats: mount=BASE1 ONLINE clientes=1  1.4 KB/s  frames+235 (tot 7248)  corrupto+0B (tot 0)  tipos: 1074:1199 1084:1198 1094:1198 1114:1198 1124:1198 1033:120 1006:120 1230:120 1013:120 1042:200 1045:140 1046:137 1019:160 1020:120 1044:20
2026-07-04 12:47:03.132 [INFO ] stats: mount=BASE1 ONLINE clientes=1  1.2 KB/s  frames+166 (tot 7414)  corrupto+0B (tot 0)  tipos: 1074:1229 1084:1229 1094:1229 1114:1229 1124:1229 1033:123 1006:123 1230:123 1013:123 1042:200 1045:140 1046:137 1019:160 1020:120 1044:20
2026-07-04 12:47:33.068 [INFO ] stats: mount=BASE1 ONLINE clientes=1  1.2 KB/s  frames+162 (tot 7576)  corrupto+0B (tot 0)  tipos: 1074:1259 1084:1259 1094:1259 1114:1259 1124:1259 1033:126 1006:126 1230:126 1013:126 1042:200 1045:140 1046:137 1019:160 1020:120 1044:20
2026-07-04 12:48:03.047 [INFO ] stats: mount=BASE1 ONLINE clientes=1  1.2 KB/s  frames+161 (tot 7737)  corrupto+0B (tot 0)  tipos: 1074:1289 1084:1289 1094:1289 1114:1289 1124:1288 1033:129 1006:129 1230:129 1013:129 1042:200 1045:140 1046:137 1019:160 1020:120 1044:20
2026-07-04 12:48:33.033 [INFO ] stats: mount=BASE1 ONLINE clientes=1  1.3 KB/s  frames+236 (tot 7973)  corrupto+0B (tot 0)  tipos: 1074:1319 1084:1318 1094:1318 1114:1318 1124:1318 1033:132 1006:132 1230:132 1013:132 1042:220 1045:154 1046:150 1019:176 1020:132 1044:22
2026-07-04 12:49:03.032 [INFO ] stats: mount=BASE1 ONLINE clientes=1  1.2 KB/s  frames+165 (tot 8138)  corrupto+0B (tot 0)  tipos: 1074:1349 1084:1349 1094:1349 1114:1349 1124:1348 1033:135 1006:135 1230:135 1013:135 1042:220 1045:154 1046:150 1019:176 1020:132 1044:22
2026-07-04 12:49:33.060 [INFO ] stats: mount=BASE1 ONLINE clientes=1  1.2 KB/s  frames+162 (tot 8300)  corrupto+0B (tot 0)  tipos: 1074:1379 1084:1379 1094:1379 1114:1379 1124:1378 1033:138 1006:138 1230:138 1013:138 1042:220 1045:154 1046:150 1019:176 1020:132 1044:22
2026-07-04 12:50:03.045 [INFO ] stats: mount=BASE1 ONLINE clientes=1  1.2 KB/s  frames+160 (tot 8460)  corrupto+0B (tot 0)  tipos: 1074:1409 1084:1409 1094:1408 1114:1408 1124:1408 1033:141 1006:141 1230:141 1013:141 1042:220 1045:154 1046:150 1019:176 1020:132 1044:22
2026-07-04 12:50:33.018 [INFO ] stats: mount=BASE1 ONLINE clientes=1  1.4 KB/s  frames+241 (tot 8701)  corrupto+0B (tot 0)  tipos: 1074:1439 1084:1439 1094:1439 1114:1439 1124:1438 1033:144 1006:144 1230:144 1013:144 1042:240 1045:168 1046:163 1019:192 1020:144 1044:24
2026-07-04 12:51:03.037 [INFO ] stats: mount=BASE1 ONLINE clientes=1  1.2 KB/s  frames+158 (tot 8859)  corrupto+0B (tot 0)  tipos: 1074:1468 1084:1468 1094:1468 1114:1468 1124:1468 1033:147 1006:147 1230:147 1013:147 1042:240 1045:168 1046:163 1019:192 1020:144 1044:24
2026-07-04 12:51:33.053 [INFO ] stats: mount=BASE1 ONLINE clientes=1  1.2 KB/s  frames+167 (tot 9026)  corrupto+0B (tot 0)  tipos: 1074:1499 1084:1499 1094:1499 1114:1499 1124:1499 1033:150 1006:150 1230:150 1013:150 1042:240 1045:168 1046:163 1019:192 1020:144 1044:24
2026-07-04 12:52:03.145 [INFO ] stats: mount=BASE1 ONLINE clientes=1  1.2 KB/s  frames+162 (tot 9188)  corrupto+0B (tot 0)  tipos: 1074:1529 1084:1529 1094:1529 1114:1529 1124:1529 1033:153 1006:153 1230:153 1013:153 1042:240 1045:168 1046:163 1019:192 1020:144 1044:24
2026-07-04 12:52:33.020 [INFO ] stats: mount=BASE1 ONLINE clientes=1  1.4 KB/s  frames+238 (tot 9426)  corrupto+0B (tot 0)  tipos: 1074:1559 1084:1559 1094:1559 1114:1559 1124:1558 1033:156 1006:156 1230:156 1013:156 1042:260 1045:182 1046:176 1019:208 1020:156 1044:26
2026-07-04 12:53:03.025 [INFO ] stats: mount=BASE1 ONLINE clientes=1  1.2 KB/s  frames+162 (tot 9588)  corrupto+0B (tot 0)  tipos: 1074:1589 1084:1589 1094:1589 1114:1589 1124:1588 1033:159 1006:159 1230:159 1013:159 1042:260 1045:182 1046:176 1019:208 1020:156 1044:26
2026-07-04 12:53:33.067 [INFO ] stats: mount=BASE1 ONLINE clientes=1  1.2 KB/s  frames+160 (tot 9748)  corrupto+0B (tot 0)  tipos: 1074:1619 1084:1619 1094:1618 1114:1618 1124:1618 1033:162 1006:162 1230:162 1013:162 1042:260 1045:182 1046:176 1019:208 1020:156 1044:26
2026-07-04 12:54:03.040 [INFO ] stats: mount=BASE1 ONLINE clientes=1  1.2 KB/s  frames+165 (tot 9913)  corrupto+0B (tot 0)  tipos: 1074:1649 1084:1649 1094:1649 1114:1649 1124:1649 1033:165 1006:165 1230:165 1013:165 1042:260 1045:182 1046:176 1019:208 1020:156 1044:26
2026-07-04 12:54:33.016 [INFO ] stats: mount=BASE1 ONLINE clientes=1  1.3 KB/s  frames+238 (tot 10151)  corrupto+0B (tot 0)  tipos: 1074:1679 1084:1679 1094:1679 1114:1679 1124:1678 1033:168 1006:168 1230:168 1013:168 1042:280 1045:196 1046:189 1019:224 1020:168 1044:28
2026-07-04 12:55:03.051 [INFO ] stats: mount=BASE1 ONLINE clientes=1  1.2 KB/s  frames+160 (tot 10311)  corrupto+0B (tot 0)  tipos: 1074:1709 1084:1709 1094:1708 1114:1708 1124:1708 1033:171 1006:171 1230:171 1013:171 1042:280 1045:196 1046:189 1019:224 1020:168 1044:28
2026-07-04 12:55:33.038 [INFO ] stats: mount=BASE1 ONLINE clientes=1  1.2 KB/s  frames+165 (tot 10476)  corrupto+0B (tot 0)  tipos: 1074:1739 1084:1739 1094:1739 1114:1739 1124:1739 1033:174 1006:174 1230:174 1013:174 1042:280 1045:196 1046:189 1019:224 1020:168 1044:28
2026-07-04 12:56:03.062 [INFO ] stats: mount=BASE1 ONLINE clientes=1  1.2 KB/s  frames+157 (tot 10633)  corrupto+0B (tot 0)  tipos: 1074:1768 1084:1768 1094:1768 1114:1768 1124:1768 1033:177 1006:177 1230:177 1013:177 1042:280 1045:196 1046:189 1019:224 1020:168 1044:28
2026-07-04 12:56:33.085 [INFO ] stats: mount=BASE1 ONLINE clientes=1  1.4 KB/s  frames+240 (tot 10873)  corrupto+0B (tot 0)  tipos: 1074:1799 1084:1799 1094:1799 1114:1799 1124:1799 1033:180 1006:180 1230:180 1013:180 1042:300 1045:209 1046:202 1019:240 1020:177 1044:30
2026-07-04 12:57:03.028 [INFO ] stats: mount=BASE1 ONLINE clientes=1  1.2 KB/s  frames+162 (tot 11035)  corrupto+0B (tot 0)  tipos: 1074:1829 1084:1829 1094:1829 1114:1829 1124:1829 1033:183 1006:183 1230:183 1013:183 1042:300 1045:209 1046:202 1019:240 1020:177 1044:30
2026-07-04 12:57:33.058 [INFO ] stats: mount=BASE1 ONLINE clientes=1  1.2 KB/s  frames+159 (tot 11194)  corrupto+0B (tot 0)  tipos: 1074:1859 1084:1859 1094:1858 1114:1858 1124:1858 1033:186 1006:186 1230:186 1013:186 1042:300 1045:209 1046:202 1019:240 1020:177 1044:30
2026-07-04 12:58:03.033 [INFO ] stats: mount=BASE1 ONLINE clientes=1  1.2 KB/s  frames+164 (tot 11358)  corrupto+0B (tot 0)  tipos: 1074:1889 1084:1889 1094:1889 1114:1889 1124:1888 1033:189 1006:189 1230:189 1013:189 1042:300 1045:209 1046:202 1019:240 1020:177 1044:30
2026-07-04 12:58:33.165 [INFO ] stats: mount=BASE1 ONLINE clientes=1  1.3 KB/s  frames+232 (tot 11590)  corrupto+0B (tot 0)  tipos: 1074:1918 1084:1918 1094:1918 1114:1918 1124:1918 1033:192 1006:192 1230:192 1013:192 1042:320 1045:222 1046:215 1019:256 1020:187 1044:32
2026-07-04 12:59:03.014 [INFO ] stats: mount=BASE1 ONLINE clientes=1  1.2 KB/s  frames+166 (tot 11756)  corrupto+0B (tot 0)  tipos: 1074:1949 1084:1949 1094:1949 1114:1949 1124:1948 1033:195 1006:195 1230:195 1013:195 1042:320 1045:222 1046:215 1019:256 1020:187 1044:32
2026-07-04 12:59:33.061 [INFO ] stats: mount=BASE1 ONLINE clientes=1  1.2 KB/s  frames+158 (tot 11914)  corrupto+0B (tot 0)  tipos: 1074:1978 1084:1978 1094:1978 1114:1978 1124:1978 1033:198 1006:198 1230:198 1013:198 1042:320 1045:222 1046:215 1019:256 1020:187 1044:32
2026-07-04 13:00:03.139 [INFO ] stats: mount=BASE1 ONLINE clientes=1  1.2 KB/s  frames+162 (tot 12076)  corrupto+0B (tot 0)  tipos: 1074:2008 1084:2008 1094:2008 1114:2008 1124:2008 1033:201 1006:201 1230:201 1013:201 1042:320 1045:222 1046:215 1019:256 1020:187 1044:32
2026-07-04 13:00:33.087 [INFO ] stats: mount=BASE1 ONLINE clientes=1  1.4 KB/s  frames+236 (tot 12312)  corrupto+0B (tot 0)  tipos: 1074:2038 1084:2038 1094:2038 1114:2038 1124:2038 1033:204 1006:204 1230:204 1013:204 1042:340 1045:235 1046:228 1019:272 1020:197 1044:34
2026-07-04 13:01:03.054 [INFO ] stats: mount=BASE1 ONLINE clientes=1  1.3 KB/s  frames+167 (tot 12479)  corrupto+0B (tot 0)  tipos: 1074:2069 1084:2069 1094:2069 1114:2069 1124:2069 1033:207 1006:207 1230:207 1013:207 1042:340 1045:235 1046:228 1019:272 1020:197 1044:34
2026-07-04 13:01:33.035 [INFO ] stats: mount=BASE1 ONLINE clientes=1  1.2 KB/s  frames+159 (tot 12638)  corrupto+0B (tot 0)  tipos: 1074:2099 1084:2099 1094:2098 1114:2098 1124:2098 1033:210 1006:210 1230:210 1013:210 1042:340 1045:235 1046:228 1019:272 1020:197 1044:34
2026-07-04 13:02:03.016 [INFO ] stats: mount=BASE1 ONLINE clientes=1  1.2 KB/s  frames+163 (tot 12801)  corrupto+0B (tot 0)  tipos: 1074:2129 1084:2129 1094:2129 1114:2128 1124:2128 1033:213 1006:213 1230:213 1013:213 1042:340 1045:235 1046:228 1019:272 1020:197 1044:34
2026-07-04 13:02:33.021 [INFO ] stats: mount=BASE1 ONLINE clientes=1  1.4 KB/s  frames+238 (tot 13039)  corrupto+0B (tot 0)  tipos: 1074:2159 1084:2159 1094:2159 1114:2159 1124:2158 1033:216 1006:216 1230:216 1013:216 1042:360 1045:248 1046:241 1019:289 1020:207 1044:36
2026-07-04 13:03:03.015 [INFO ] stats: mount=BASE1 ONLINE clientes=1  1.2 KB/s  frames+159 (tot 13198)  corrupto+0B (tot 0)  tipos: 1074:2189 1084:2188 1094:2188 1114:2188 1124:2188 1033:219 1006:219 1230:219 1013:219 1042:360 1045:248 1046:241 1019:289 1020:207 1044:36
2026-07-04 13:03:33.062 [INFO ] stats: mount=BASE1 ONLINE clientes=1  1.2 KB/s  frames+161 (tot 13359)  corrupto+0B (tot 0)  tipos: 1074:2218 1084:2218 1094:2218 1114:2218 1124:2218 1033:222 1006:222 1230:222 1013:222 1042:360 1045:248 1046:241 1019:289 1020:207 1044:36
2026-07-04 13:03:51.937 [INFO ] io: source fd=6 mp=BASE1 cerro la conexion (EOF)
2026-07-04 13:04:03.026 [INFO ] stats: mount=BASE1 offline clientes=0  0.8 KB/s  frames+106 (tot 13465)  corrupto+0B (tot 0)  tipos: 1074:2238 1084:2238 1094:2238 1114:2238 1124:2237 1033:224 1006:224 1230:224 1013:223 1042:360 1045:248 1046:241 1019:289 1020:207 1044:36
2026-07-04 13:29:19.464 [INFO ] ntrip: SOURCE v1 fd=6 mp=BASE1 addr=127.0.0.1:51222
2026-07-04 13:29:19.465 [INFO ] ntrip: source v1 registrado fd=6 mp=BASE1
2026-07-04 13:29:33.003 [INFO ] stats: mount=BASE1 ONLINE clientes=0  0.6 KB/s  frames+77 (tot 77)  corrupto+0B (tot 0)  tipos: 1074:14 1084:14 1094:14 1114:14 1124:14 1006:2 1230:2 1013:2 1033:1
2026-07-04 13:30:03.010 [INFO ] stats: mount=BASE1 ONLINE clientes=0  1.2 KB/s  frames+159 (tot 236)  corrupto+0B (tot 0)  tipos: 1074:44 1084:44 1094:43 1114:43 1124:43 1006:5 1230:5 1013:5 1033:4
2026-07-04 13:30:33.134 [INFO ] stats: mount=BASE1 ONLINE clientes=0  1.4 KB/s  frames+240 (tot 476)  corrupto+0B (tot 0)  tipos: 1074:74 1084:74 1094:74 1114:74 1124:73 1006:8 1230:8 1013:8 1033:7 1042:21 1045:12 1046:12 1019:18 1020:11 1044:2
2026-07-04 13:31:03.162 [INFO ] stats: mount=BASE1 ONLINE clientes=0  1.2 KB/s  frames+158 (tot 634)  corrupto+0B (tot 0)  tipos: 1074:103 1084:103 1094:103 1114:103 1124:103 1006:11 1230:11 1013:11 1033:10 1042:21 1045:12 1046:12 1019:18 1020:11 1044:2
2026-07-04 13:31:33.161 [INFO ] stats: mount=BASE1 ONLINE clientes=0  1.2 KB/s  frames+166 (tot 800)  corrupto+0B (tot 0)  tipos: 1074:134 1084:134 1094:134 1114:134 1124:133 1006:14 1230:14 1013:14 1033:13 1042:21 1045:12 1046:12 1019:18 1020:11 1044:2
2026-07-04 13:32:03.124 [INFO ] stats: mount=BASE1 ONLINE clientes=0  1.2 KB/s  frames+162 (tot 962)  corrupto+0B (tot 0)  tipos: 1074:164 1084:164 1094:164 1114:164 1124:163 1006:17 1230:17 1013:17 1033:16 1042:21 1045:12 1046:12 1019:18 1020:11 1044:2
2026-07-04 13:32:33.005 [INFO ] stats: mount=BASE1 ONLINE clientes=0  1.3 KB/s  frames+234 (tot 1196)  corrupto+0B (tot 0)  tipos: 1074:193 1084:193 1094:193 1114:193 1124:193 1006:20 1230:20 1013:20 1033:19 1042:42 1045:24 1046:24 1019:36 1020:22 1044:4
2026-07-04 13:33:03.174 [INFO ] stats: mount=BASE1 ONLINE clientes=0  1.2 KB/s  frames+163 (tot 1359)  corrupto+0B (tot 0)  tipos: 1074:224 1084:223 1094:223 1114:223 1124:223 1006:23 1230:23 1013:23 1033:22 1042:42 1045:24 1046:24 1019:36 1020:22 1044:4
2026-07-04 13:33:33.153 [INFO ] stats: mount=BASE1 ONLINE clientes=0  1.2 KB/s  frames+165 (tot 1524)  corrupto+0B (tot 0)  tipos: 1074:254 1084:254 1094:254 1114:254 1124:253 1006:26 1230:26 1013:26 1033:25 1042:42 1045:24 1046:24 1019:36 1020:22 1044:4
2026-07-04 13:34:03.060 [INFO ] stats: mount=BASE1 ONLINE clientes=0  1.2 KB/s  frames+163 (tot 1687)  corrupto+0B (tot 0)  tipos: 1074:284 1084:284 1094:284 1114:284 1124:284 1006:29 1230:29 1013:29 1033:28 1042:42 1045:24 1046:24 1019:36 1020:22 1044:4
2026-07-04 13:34:33.033 [INFO ] stats: mount=BASE1 ONLINE clientes=0  1.4 KB/s  frames+238 (tot 1925)  corrupto+0B (tot 0)  tipos: 1074:314 1084:314 1094:314 1114:314 1124:314 1006:32 1230:32 1013:32 1033:31 1042:63 1045:36 1046:36 1019:54 1020:33 1044:6
2026-07-04 13:35:03.176 [INFO ] stats: mount=BASE1 ONLINE clientes=0  1.2 KB/s  frames+161 (tot 2086)  corrupto+0B (tot 0)  tipos: 1074:344 1084:344 1094:344 1114:344 1124:343 1006:35 1230:35 1013:35 1033:34 1042:63 1045:36 1046:36 1019:54 1020:33 1044:6
2026-07-04 13:35:33.189 [INFO ] stats: mount=BASE1 ONLINE clientes=0  1.2 KB/s  frames+163 (tot 2249)  corrupto+0B (tot 0)  tipos: 1074:374 1084:374 1094:374 1114:374 1124:374 1006:38 1230:38 1013:38 1033:37 1042:63 1045:36 1046:36 1019:54 1020:33 1044:6
2026-07-04 13:36:03.015 [INFO ] stats: mount=BASE1 ONLINE clientes=0  1.2 KB/s  frames+159 (tot 2408)  corrupto+0B (tot 0)  tipos: 1074:404 1084:404 1094:403 1114:403 1124:403 1006:41 1230:41 1013:41 1033:40 1042:63 1045:36 1046:36 1019:54 1020:33 1044:6
2026-07-04 13:36:33.199 [INFO ] stats: mount=BASE1 ONLINE clientes=0  1.4 KB/s  frames+241 (tot 2649)  corrupto+0B (tot 0)  tipos: 1074:434 1084:434 1094:434 1114:434 1124:434 1006:44 1230:44 1013:44 1033:43 1042:84 1045:48 1046:48 1019:72 1020:44 1044:8
2026-07-04 13:37:03.015 [INFO ] stats: mount=BASE1 ONLINE clientes=0  1.2 KB/s  frames+161 (tot 2810)  corrupto+0B (tot 0)  tipos: 1074:464 1084:464 1094:464 1114:464 1124:463 1006:47 1230:47 1013:47 1033:46 1042:84 1045:48 1046:48 1019:72 1020:44 1044:8
2026-07-04 13:37:33.172 [INFO ] stats: mount=BASE1 ONLINE clientes=0  1.2 KB/s  frames+163 (tot 2973)  corrupto+0B (tot 0)  tipos: 1074:494 1084:494 1094:494 1114:494 1124:494 1006:50 1230:50 1013:50 1033:49 1042:84 1045:48 1046:48 1019:72 1020:44 1044:8
2026-07-04 13:38:03.143 [INFO ] stats: mount=BASE1 ONLINE clientes=0  1.1 KB/s  frames+158 (tot 3131)  corrupto+0B (tot 0)  tipos: 1074:524 1084:523 1094:523 1114:523 1124:523 1006:53 1230:53 1013:53 1033:52 1042:84 1045:48 1046:48 1019:72 1020:44 1044:8
2026-07-04 13:38:33.171 [INFO ] stats: mount=BASE1 ONLINE clientes=0  1.4 KB/s  frames+242 (tot 3373)  corrupto+0B (tot 0)  tipos: 1074:554 1084:554 1094:554 1114:554 1124:554 1006:56 1230:56 1013:56 1033:55 1042:105 1045:60 1046:60 1019:90 1020:55 1044:10
2026-07-04 13:39:03.150 [INFO ] stats: mount=BASE1 ONLINE clientes=0  1.1 KB/s  frames+157 (tot 3530)  corrupto+0B (tot 0)  tipos: 1074:583 1084:583 1094:583 1114:583 1124:583 1006:59 1230:59 1013:59 1033:58 1042:105 1045:60 1046:60 1019:90 1020:55 1044:10
2026-07-04 13:39:33.164 [INFO ] stats: mount=BASE1 ONLINE clientes=0  1.2 KB/s  frames+167 (tot 3697)  corrupto+0B (tot 0)  tipos: 1074:614 1084:614 1094:614 1114:614 1124:614 1006:62 1230:62 1013:62 1033:61 1042:105 1045:60 1046:60 1019:90 1020:55 1044:10
2026-07-04 13:40:03.177 [INFO ] stats: mount=BASE1 ONLINE clientes=0  1.2 KB/s  frames+162 (tot 3859)  corrupto+0B (tot 0)  tipos: 1074:644 1084:644 1094:644 1114:644 1124:644 1006:65 1230:65 1013:65 1033:64 1042:105 1045:60 1046:60 1019:90 1020:55 1044:10
2026-07-04 13:40:33.203 [INFO ] stats: mount=BASE1 ONLINE clientes=0  1.3 KB/s  frames+238 (tot 4097)  corrupto+0B (tot 0)  tipos: 1074:674 1084:674 1094:674 1114:674 1124:674 1006:68 1230:68 1013:68 1033:67 1042:126 1045:72 1046:72 1019:108 1020:66 1044:12
2026-07-04 13:41:03.017 [INFO ] stats: mount=BASE1 ONLINE clientes=0  1.1 KB/s  frames+158 (tot 4255)  corrupto+0B (tot 0)  tipos: 1074:704 1084:703 1094:703 1114:703 1124:703 1006:71 1230:71 1013:71 1033:70 1042:126 1045:72 1046:72 1019:108 1020:66 1044:12
2026-07-04 13:41:33.190 [INFO ] stats: mount=BASE1 ONLINE clientes=0  1.2 KB/s  frames+166 (tot 4421)  corrupto+0B (tot 0)  tipos: 1074:734 1084:734 1094:734 1114:734 1124:734 1006:74 1230:74 1013:74 1033:73 1042:126 1045:72 1046:72 1019:108 1020:66 1044:12
2026-07-04 13:42:03.159 [INFO ] stats: mount=BASE1 ONLINE clientes=0  1.2 KB/s  frames+162 (tot 4583)  corrupto+0B (tot 0)  tipos: 1074:764 1084:764 1094:764 1114:764 1124:764 1006:77 1230:77 1013:77 1033:76 1042:126 1045:72 1046:72 1019:108 1020:66 1044:12
2026-07-04 13:42:33.162 [INFO ] stats: mount=BASE1 ONLINE clientes=0  1.3 KB/s  frames+232 (tot 4815)  corrupto+0B (tot 0)  tipos: 1074:794 1084:794 1094:794 1114:794 1124:794 1006:80 1230:80 1013:80 1033:79 1042:145 1045:84 1046:84 1019:122 1020:77 1044:14
2026-07-04 13:43:03.124 [INFO ] stats: mount=BASE1 ONLINE clientes=0  1.1 KB/s  frames+157 (tot 4972)  corrupto+0B (tot 0)  tipos: 1074:823 1084:823 1094:823 1114:823 1124:823 1006:83 1230:83 1013:83 1033:82 1042:145 1045:84 1046:84 1019:122 1020:77 1044:14
2026-07-04 13:43:33.156 [INFO ] stats: mount=BASE1 ONLINE clientes=0  1.2 KB/s  frames+167 (tot 5139)  corrupto+0B (tot 0)  tipos: 1074:854 1084:854 1094:854 1114:854 1124:854 1006:86 1230:86 1013:86 1033:85 1042:145 1045:84 1046:84 1019:122 1020:77 1044:14
2026-07-04 13:44:03.173 [INFO ] stats: mount=BASE1 ONLINE clientes=0  1.2 KB/s  frames+162 (tot 5301)  corrupto+0B (tot 0)  tipos: 1074:884 1084:884 1094:884 1114:884 1124:884 1006:89 1230:89 1013:89 1033:88 1042:145 1045:84 1046:84 1019:122 1020:77 1044:14
2026-07-04 13:44:33.174 [INFO ] stats: mount=BASE1 ONLINE clientes=0  1.3 KB/s  frames+229 (tot 5530)  corrupto+0B (tot 0)  tipos: 1074:914 1084:914 1094:913 1114:913 1124:913 1006:92 1230:92 1013:92 1033:91 1042:164 1045:96 1046:96 1019:136 1020:88 1044:16
2026-07-04 13:45:03.182 [INFO ] stats: mount=BASE1 ONLINE clientes=0  1.2 KB/s  frames+165 (tot 5695)  corrupto+0B (tot 0)  tipos: 1074:944 1084:944 1094:944 1114:944 1124:944 1006:95 1230:95 1013:95 1033:94 1042:164 1045:96 1046:96 1019:136 1020:88 1044:16
2026-07-04 13:45:33.161 [INFO ] stats: mount=BASE1 ONLINE clientes=0  1.2 KB/s  frames+162 (tot 5857)  corrupto+0B (tot 0)  tipos: 1074:974 1084:974 1094:974 1114:974 1124:974 1006:98 1230:98 1013:98 1033:97 1042:164 1045:96 1046:96 1019:136 1020:88 1044:16
2026-07-04 13:46:03.157 [INFO ] stats: mount=BASE1 ONLINE clientes=0  1.2 KB/s  frames+162 (tot 6019)  corrupto+0B (tot 0)  tipos: 1074:1004 1084:1004 1094:1004 1114:1004 1124:1004 1006:101 1230:101 1013:101 1033:100 1042:164 1045:96 1046:96 1019:136 1020:88 1044:16
2026-07-04 13:46:33.189 [INFO ] stats: mount=BASE1 ONLINE clientes=0  1.3 KB/s  frames+232 (tot 6251)  corrupto+0B (tot 0)  tipos: 1074:1034 1084:1034 1094:1034 1114:1034 1124:1034 1006:104 1230:104 1013:104 1033:103 1042:183 1045:108 1046:108 1019:150 1020:99 1044:18
2026-07-04 13:47:03.127 [INFO ] stats: mount=BASE1 ONLINE clientes=0  1.1 KB/s  frames+157 (tot 6408)  corrupto+0B (tot 0)  tipos: 1074:1063 1084:1063 1094:1063 1114:1063 1124:1063 1006:107 1230:107 1013:107 1033:106 1042:183 1045:108 1046:108 1019:150 1020:99 1044:18
2026-07-04 13:47:33.173 [INFO ] stats: mount=BASE1 ONLINE clientes=0  1.2 KB/s  frames+167 (tot 6575)  corrupto+0B (tot 0)  tipos: 1074:1094 1084:1094 1094:1094 1114:1094 1124:1094 1006:110 1230:110 1013:110 1033:109 1042:183 1045:108 1046:108 1019:150 1020:99 1044:18
2026-07-04 13:48:03.163 [INFO ] stats: mount=BASE1 ONLINE clientes=0  1.1 KB/s  frames+158 (tot 6733)  corrupto+0B (tot 0)  tipos: 1074:1124 1084:1123 1094:1123 1114:1123 1124:1123 1006:113 1230:113 1013:113 1033:112 1042:183 1045:108 1046:108 1019:150 1020:99 1044:18
2026-07-04 13:48:33.156 [INFO ] stats: mount=BASE1 ONLINE clientes=0  1.3 KB/s  frames+231 (tot 6964)  corrupto+0B (tot 0)  tipos: 1074:1153 1084:1153 1094:1153 1114:1153 1124:1153 1006:116 1230:116 1013:116 1033:115 1042:202 1045:120 1046:120 1019:164 1020:110 1044:20
2026-07-04 13:49:03.165 [INFO ] stats: mount=BASE1 ONLINE clientes=0  0.4 KB/s  frames+50 (tot 7014)  corrupto+0B (tot 0)  tipos: 1074:1163 1084:1162 1094:1162 1114:1162 1124:1162 1006:117 1230:117 1013:117 1033:116 1042:202 1045:120 1046:120 1019:164 1020:110 1044:20
2026-07-04 13:49:33.021 [INFO ] stats: mount=BASE1 ONLINE clientes=0  1.2 KB/s  frames+166 (tot 7180)  corrupto+0B (tot 0)  tipos: 1074:1193 1084:1193 1094:1193 1114:1193 1124:1193 1006:120 1230:120 1013:120 1033:119 1042:202 1045:120 1046:120 1019:164 1020:110 1044:20
2026-07-04 13:50:03.199 [INFO ] stats: mount=BASE1 ONLINE clientes=0  1.1 KB/s  frames+162 (tot 7342)  corrupto+0B (tot 0)  tipos: 1074:1223 1084:1223 1094:1223 1114:1223 1124:1223 1006:123 1230:123 1013:123 1033:122 1042:202 1045:120 1046:120 1019:164 1020:110 1044:20
2026-07-04 13:50:33.148 [INFO ] stats: mount=BASE1 ONLINE clientes=0  1.3 KB/s  frames+227 (tot 7569)  corrupto+0B (tot 0)  tipos: 1074:1252 1084:1252 1094:1252 1114:1252 1124:1252 1006:126 1230:126 1013:126 1033:125 1042:221 1045:132 1046:132 1019:178 1020:121 1044:22
2026-07-04 13:51:03.168 [INFO ] stats: mount=BASE1 ONLINE clientes=0  1.2 KB/s  frames+167 (tot 7736)  corrupto+0B (tot 0)  tipos: 1074:1283 1084:1283 1094:1283 1114:1283 1124:1283 1006:129 1230:129 1013:129 1033:128 1042:221 1045:132 1046:132 1019:178 1020:121 1044:22
2026-07-04 13:51:33.062 [INFO ] stats: mount=BASE1 ONLINE clientes=0  1.2 KB/s  frames+162 (tot 7898)  corrupto+0B (tot 0)  tipos: 1074:1313 1084:1313 1094:1313 1114:1313 1124:1313 1006:132 1230:132 1013:132 1033:131 1042:221 1045:132 1046:132 1019:178 1020:121 1044:22
2026-07-04 13:52:03.114 [INFO ] stats: mount=BASE1 ONLINE clientes=0  1.2 KB/s  frames+162 (tot 8060)  corrupto+0B (tot 0)  tipos: 1074:1343 1084:1343 1094:1343 1114:1343 1124:1343 1006:135 1230:135 1013:135 1033:134 1042:221 1045:132 1046:132 1019:178 1020:121 1044:22
2026-07-04 13:52:33.163 [INFO ] stats: mount=BASE1 ONLINE clientes=0  1.3 KB/s  frames+229 (tot 8289)  corrupto+0B (tot 0)  tipos: 1074:1373 1084:1373 1094:1372 1114:1372 1124:1372 1006:138 1230:138 1013:138 1033:137 1042:240 1045:144 1046:144 1019:192 1020:132 1044:24
2026-07-04 13:53:03.080 [INFO ] stats: mount=BASE1 ONLINE clientes=0  1.1 KB/s  frames+160 (tot 8449)  corrupto+0B (tot 0)  tipos: 1074:1402 1084:1402 1094:1402 1114:1402 1124:1402 1006:141 1230:141 1013:141 1033:140 1042:240 1045:144 1046:144 1019:192 1020:132 1044:24
2026-07-04 13:53:33.156 [INFO ] stats: mount=BASE1 ONLINE clientes=0  1.2 KB/s  frames+167 (tot 8616)  corrupto+0B (tot 0)  tipos: 1074:1433 1084:1433 1094:1433 1114:1433 1124:1433 1006:144 1230:144 1013:144 1033:143 1042:240 1045:144 1046:144 1019:192 1020:132 1044:24
2026-07-04 13:54:03.054 [INFO ] stats: mount=BASE1 ONLINE clientes=0  1.1 KB/s  frames+157 (tot 8773)  corrupto+0B (tot 0)  tipos: 1074:1462 1084:1462 1094:1462 1114:1462 1124:1462 1006:147 1230:147 1013:147 1033:146 1042:240 1045:144 1046:144 1019:192 1020:132 1044:24
2026-07-04 13:54:33.174 [INFO ] stats: mount=BASE1 ONLINE clientes=0  1.4 KB/s  frames+237 (tot 9010)  corrupto+0B (tot 0)  tipos: 1074:1493 1084:1493 1094:1493 1114:1493 1124:1493 1006:150 1230:150 1013:150 1033:149 1042:259 1045:156 1046:156 1019:206 1020:143 1044:26
2026-07-04 13:55:03.108 [INFO ] stats: mount=BASE1 ONLINE clientes=0  1.1 KB/s  frames+157 (tot 9167)  corrupto+0B (tot 0)  tipos: 1074:1522 1084:1522 1094:1522 1114:1522 1124:1522 1006:153 1230:153 1013:153 1033:152 1042:259 1045:156 1046:156 1019:206 1020:143 1044:26
2026-07-04 13:55:33.010 [INFO ] stats: mount=BASE1 ONLINE clientes=0  1.2 KB/s  frames+162 (tot 9329)  corrupto+0B (tot 0)  tipos: 1074:1552 1084:1552 1094:1552 1114:1552 1124:1552 1006:156 1230:156 1013:156 1033:155 1042:259 1045:156 1046:156 1019:206 1020:143 1044:26
2026-07-04 13:56:03.100 [INFO ] stats: mount=BASE1 ONLINE clientes=0  1.2 KB/s  frames+166 (tot 9495)  corrupto+0B (tot 0)  tipos: 1074:1583 1084:1583 1094:1583 1114:1583 1124:1582 1006:159 1230:159 1013:159 1033:158 1042:259 1045:156 1046:156 1019:206 1020:143 1044:26
2026-07-04 13:56:33.110 [INFO ] stats: mount=BASE1 ONLINE clientes=0  1.4 KB/s  frames+233 (tot 9728)  corrupto+0B (tot 0)  tipos: 1074:1613 1084:1613 1094:1613 1114:1613 1124:1612 1006:162 1230:162 1013:162 1033:161 1042:278 1045:169 1046:168 1019:221 1020:153 1044:28
2026-07-04 13:57:03.124 [INFO ] stats: mount=BASE1 ONLINE clientes=0  1.2 KB/s  frames+162 (tot 9890)  corrupto+0B (tot 0)  tipos: 1074:1643 1084:1643 1094:1643 1114:1643 1124:1642 1006:165 1230:165 1013:165 1033:164 1042:278 1045:169 1046:168 1019:221 1020:153 1044:28
2026-07-04 13:57:33.190 [INFO ] stats: mount=BASE1 ONLINE clientes=0  1.2 KB/s  frames+163 (tot 10053)  corrupto+0B (tot 0)  tipos: 1074:1673 1084:1673 1094:1673 1114:1673 1124:1673 1006:168 1230:168 1013:168 1033:167 1042:278 1045:169 1046:168 1019:221 1020:153 1044:28
2026-07-04 13:58:03.194 [INFO ] stats: mount=BASE1 ONLINE clientes=0  1.2 KB/s  frames+162 (tot 10215)  corrupto+0B (tot 0)  tipos: 1074:1703 1084:1703 1094:1703 1114:1703 1124:1703 1006:171 1230:171 1013:171 1033:170 1042:278 1045:169 1046:168 1019:221 1020:153 1044:28
2026-07-04 13:58:33.113 [INFO ] stats: mount=BASE1 ONLINE clientes=0  1.3 KB/s  frames+233 (tot 10448)  corrupto+0B (tot 0)  tipos: 1074:1733 1084:1733 1094:1733 1114:1733 1124:1733 1006:174 1230:174 1013:174 1033:173 1042:297 1045:182 1046:180 1019:236 1020:163 1044:30
2026-07-04 13:59:03.147 [INFO ] stats: mount=BASE1 ONLINE clientes=0  1.1 KB/s  frames+157 (tot 10605)  corrupto+0B (tot 0)  tipos: 1074:1762 1084:1762 1094:1762 1114:1762 1124:1762 1006:177 1230:177 1013:177 1033:176 1042:297 1045:182 1046:180 1019:236 1020:163 1044:30
2026-07-04 13:59:33.126 [INFO ] stats: mount=BASE1 ONLINE clientes=0  1.2 KB/s  frames+162 (tot 10767)  corrupto+0B (tot 0)  tipos: 1074:1792 1084:1792 1094:1792 1114:1792 1124:1792 1006:180 1230:180 1013:180 1033:179 1042:297 1045:182 1046:180 1019:236 1020:163 1044:30
2026-07-04 14:00:03.186 [INFO ] stats: mount=BASE1 ONLINE clientes=0  1.2 KB/s  frames+167 (tot 10934)  corrupto+0B (tot 0)  tipos: 1074:1823 1084:1823 1094:1823 1114:1823 1124:1823 1006:183 1230:183 1013:183 1033:182 1042:297 1045:182 1046:180 1019:236 1020:163 1044:30
2026-07-04 14:00:33.195 [INFO ] stats: mount=BASE1 ONLINE clientes=0  1.3 KB/s  frames+233 (tot 11167)  corrupto+0B (tot 0)  tipos: 1074:1853 1084:1853 1094:1853 1114:1853 1124:1853 1006:186 1230:186 1013:186 1033:185 1042:316 1045:195 1046:192 1019:251 1020:173 1044:32
2026-07-04 14:01:03.061 [INFO ] stats: mount=BASE1 ONLINE clientes=0  1.1 KB/s  frames+151 (tot 11318)  corrupto+0B (tot 0)  tipos: 1074:1881 1084:1881 1094:1881 1114:1881 1124:1881 1006:189 1230:189 1013:188 1033:188 1042:316 1045:195 1046:192 1019:251 1020:173 1044:32
2026-07-04 14:01:33.155 [INFO ] stats: mount=BASE1 ONLINE clientes=0  1.2 KB/s  frames+173 (tot 11491)  corrupto+0B (tot 0)  tipos: 1074:1913 1084:1913 1094:1913 1114:1913 1124:1913 1006:192 1230:192 1013:192 1033:191 1042:316 1045:195 1046:192 1019:251 1020:173 1044:32
2026-07-04 14:02:03.117 [INFO ] stats: mount=BASE1 ONLINE clientes=0  1.1 KB/s  frames+157 (tot 11648)  corrupto+0B (tot 0)  tipos: 1074:1942 1084:1942 1094:1942 1114:1942 1124:1942 1006:195 1230:195 1013:195 1033:194 1042:316 1045:195 1046:192 1019:251 1020:173 1044:32
2026-07-04 14:02:33.175 [INFO ] stats: mount=BASE1 ONLINE clientes=0  1.3 KB/s  frames+234 (tot 11882)  corrupto+0B (tot 0)  tipos: 1074:1973 1084:1972 1094:1972 1114:1972 1124:1972 1006:198 1230:198 1013:198 1033:197 1042:335 1045:208 1046:204 1019:266 1020:183 1044:34
2026-07-04 14:03:03.080 [INFO ] stats: mount=BASE1 ONLINE clientes=0  1.2 KB/s  frames+165 (tot 12047)  corrupto+0B (tot 0)  tipos: 1074:2003 1084:2003 1094:2003 1114:2003 1124:2002 1006:201 1230:201 1013:201 1033:200 1042:335 1045:208 1046:204 1019:266 1020:183 1044:34
2026-07-04 14:03:33.022 [INFO ] stats: mount=BASE1 ONLINE clientes=0  1.1 KB/s  frames+158 (tot 12205)  corrupto+0B (tot 0)  tipos: 1074:2032 1084:2032 1094:2032 1114:2032 1124:2032 1006:204 1230:204 1013:204 1033:203 1042:335 1045:208 1046:204 1019:266 1020:183 1044:34
2026-07-04 14:04:03.061 [INFO ] stats: mount=BASE1 ONLINE clientes=0  1.1 KB/s  frames+162 (tot 12367)  corrupto+0B (tot 0)  tipos: 1074:2062 1084:2062 1094:2062 1114:2062 1124:2062 1006:207 1230:207 1013:207 1033:206 1042:335 1045:208 1046:204 1019:266 1020:183 1044:34
2026-07-04 14:04:33.017 [INFO ] stats: mount=BASE1 ONLINE clientes=0  1.3 KB/s  frames+233 (tot 12600)  corrupto+0B (tot 0)  tipos: 1074:2092 1084:2092 1094:2092 1114:2092 1124:2092 1006:210 1230:210 1013:210 1033:209 1042:354 1045:221 1046:216 1019:281 1020:193 1044:36
2026-07-04 14:05:03.067 [INFO ] stats: mount=BASE1 ONLINE clientes=0  1.1 KB/s  frames+164 (tot 12764)  corrupto+0B (tot 0)  tipos: 1074:2123 1084:2123 1094:2122 1114:2122 1124:2122 1006:213 1230:213 1013:213 1033:212 1042:354 1045:221 1046:216 1019:281 1020:193 1044:36
2026-07-04 14:05:33.052 [INFO ] stats: mount=BASE1 ONLINE clientes=0  1.1 KB/s  frames+165 (tot 12929)  corrupto+0B (tot 0)  tipos: 1074:2153 1084:2153 1094:2153 1114:2153 1124:2153 1006:216 1230:216 1013:216 1033:215 1042:354 1045:221 1046:216 1019:281 1020:193 1044:36
2026-07-04 14:06:03.149 [INFO ] stats: mount=BASE1 ONLINE clientes=0  1.1 KB/s  frames+162 (tot 13091)  corrupto+0B (tot 0)  tipos: 1074:2183 1084:2183 1094:2183 1114:2183 1124:2183 1006:219 1230:219 1013:219 1033:218 1042:354 1045:221 1046:216 1019:281 1020:193 1044:36
2026-07-04 14:06:33.045 [INFO ] stats: mount=BASE1 ONLINE clientes=0  1.2 KB/s  frames+228 (tot 13319)  corrupto+0B (tot 0)  tipos: 1074:2212 1084:2212 1094:2212 1114:2212 1124:2212 1006:222 1230:222 1013:222 1033:221 1042:373 1045:234 1046:228 1019:296 1020:203 1044:38
2026-07-04 14:07:03.189 [INFO ] stats: mount=BASE1 ONLINE clientes=0  1.1 KB/s  frames+164 (tot 13483)  corrupto+0B (tot 0)  tipos: 1074:2243 1084:2243 1094:2242 1114:2242 1124:2242 1006:225 1230:225 1013:225 1033:224 1042:373 1045:234 1046:228 1019:296 1020:203 1044:38
2026-07-04 14:07:33.066 [INFO ] stats: mount=BASE1 ONLINE clientes=0  1.1 KB/s  frames+160 (tot 13643)  corrupto+0B (tot 0)  tipos: 1074:2272 1084:2272 1094:2272 1114:2272 1124:2272 1006:228 1230:228 1013:228 1033:227 1042:373 1045:234 1046:228 1019:296 1020:203 1044:38
2026-07-04 14:08:03.093 [INFO ] stats: mount=BASE1 ONLINE clientes=0  1.1 KB/s  frames+162 (tot 13805)  corrupto+0B (tot 0)  tipos: 1074:2302 1084:2302 1094:2302 1114:2302 1124:2302 1006:231 1230:231 1013:231 1033:230 1042:373 1045:234 1046:228 1019:296 1020:203 1044:38
2026-07-04 14:08:33.054 [INFO ] stats: mount=BASE1 ONLINE clientes=0  1.3 KB/s  frames+233 (tot 14038)  corrupto+0B (tot 0)  tipos: 1074:2332 1084:2332 1094:2332 1114:2332 1124:2332 1006:234 1230:234 1013:234 1033:233 1042:392 1045:247 1046:240 1019:311 1020:213 1044:40
2026-07-04 14:09:03.085 [INFO ] stats: mount=BASE1 ONLINE clientes=0  1.1 KB/s  frames+162 (tot 14200)  corrupto+0B (tot 0)  tipos: 1074:2362 1084:2362 1094:2362 1114:2362 1124:2362 1006:237 1230:237 1013:237 1033:236 1042:392 1045:247 1046:240 1019:311 1020:213 1044:40
2026-07-04 14:09:33.150 [INFO ] stats: mount=BASE1 ONLINE clientes=0  1.1 KB/s  frames+162 (tot 14362)  corrupto+0B (tot 0)  tipos: 1074:2392 1084:2392 1094:2392 1114:2392 1124:2392 1006:240 1230:240 1013:240 1033:239 1042:392 1045:247 1046:240 1019:311 1020:213 1044:40
2026-07-04 14:10:03.097 [INFO ] stats: mount=BASE1 ONLINE clientes=0  1.1 KB/s  frames+167 (tot 14529)  corrupto+0B (tot 0)  tipos: 1074:2423 1084:2423 1094:2423 1114:2423 1124:2423 1006:243 1230:243 1013:243 1033:242 1042:392 1045:247 1046:240 1019:311 1020:213 1044:40
2026-07-04 14:10:33.111 [INFO ] stats: mount=BASE1 ONLINE clientes=0  1.3 KB/s  frames+234 (tot 14763)  corrupto+0B (tot 0)  tipos: 1074:2453 1084:2453 1094:2453 1114:2453 1124:2453 1006:246 1230:246 1013:246 1033:245 1042:411 1045:260 1046:252 1019:327 1020:223 1044:42
2026-07-04 14:11:03.045 [INFO ] stats: mount=BASE1 ONLINE clientes=0  1.1 KB/s  frames+157 (tot 14920)  corrupto+0B (tot 0)  tipos: 1074:2482 1084:2482 1094:2482 1114:2482 1124:2482 1006:249 1230:249 1013:249 1033:248 1042:411 1045:260 1046:252 1019:327 1020:223 1044:42
2026-07-04 14:11:33.127 [INFO ] stats: mount=BASE1 ONLINE clientes=0  1.1 KB/s  frames+162 (tot 15082)  corrupto+0B (tot 0)  tipos: 1074:2512 1084:2512 1094:2512 1114:2512 1124:2512 1006:252 1230:252 1013:252 1033:251 1042:411 1045:260 1046:252 1019:327 1020:223 1044:42
2026-07-04 14:12:03.017 [INFO ] stats: mount=BASE1 ONLINE clientes=0  1.1 KB/s  frames+162 (tot 15244)  corrupto+0B (tot 0)  tipos: 1074:2542 1084:2542 1094:2542 1114:2542 1124:2542 1006:255 1230:255 1013:255 1033:254 1042:411 1045:260 1046:252 1019:327 1020:223 1044:42
2026-07-04 14:12:33.026 [INFO ] stats: mount=BASE1 ONLINE clientes=0  1.2 KB/s  frames+234 (tot 15478)  corrupto+0B (tot 0)  tipos: 1074:2572 1084:2572 1094:2572 1114:2572 1124:2572 1006:258 1230:258 1013:258 1033:257 1042:430 1045:273 1046:264 1019:343 1020:233 1044:44
2026-07-04 14:13:03.165 [INFO ] stats: mount=BASE1 ONLINE clientes=0  1.1 KB/s  frames+156 (tot 15634)  corrupto+0B (tot 0)  tipos: 1074:2601 1084:2601 1094:2601 1114:2601 1124:2601 1006:261 1230:261 1013:260 1033:260 1042:430 1045:273 1046:264 1019:343 1020:233 1044:44
2026-07-04 14:13:33.128 [INFO ] stats: mount=BASE1 ONLINE clientes=0  1.2 KB/s  frames+168 (tot 15802)  corrupto+0B (tot 0)  tipos: 1074:2632 1084:2632 1094:2632 1114:2632 1124:2632 1006:264 1230:264 1013:264 1033:263 1042:430 1045:273 1046:264 1019:343 1020:233 1044:44
2026-07-04 14:14:03.122 [INFO ] stats: mount=BASE1 ONLINE clientes=0  1.1 KB/s  frames+162 (tot 15964)  corrupto+0B (tot 0)  tipos: 1074:2662 1084:2662 1094:2662 1114:2662 1124:2662 1006:267 1230:267 1013:267 1033:266 1042:430 1045:273 1046:264 1019:343 1020:233 1044:44
2026-07-04 14:14:33.151 [INFO ] stats: mount=BASE1 ONLINE clientes=0  1.3 KB/s  frames+239 (tot 16203)  corrupto+0B (tot 0)  tipos: 1074:2693 1084:2693 1094:2693 1114:2692 1124:2692 1006:270 1230:270 1013:270 1033:269 1042:449 1045:287 1046:277 1019:359 1020:243 1044:46
2026-07-04 14:15:03.151 [INFO ] stats: mount=BASE1 ONLINE clientes=0  1.1 KB/s  frames+159 (tot 16362)  corrupto+0B (tot 0)  tipos: 1074:2722 1084:2722 1094:2722 1114:2722 1124:2722 1006:273 1230:273 1013:273 1033:272 1042:449 1045:287 1046:277 1019:359 1020:243 1044:46
2026-07-04 14:15:33.132 [INFO ] stats: mount=BASE1 ONLINE clientes=0  1.1 KB/s  frames+167 (tot 16529)  corrupto+0B (tot 0)  tipos: 1074:2753 1084:2753 1094:2753 1114:2753 1124:2753 1006:276 1230:276 1013:276 1033:275 1042:449 1045:287 1046:277 1019:359 1020:243 1044:46
2026-07-04 14:16:03.170 [INFO ] stats: mount=BASE1 ONLINE clientes=0  1.1 KB/s  frames+162 (tot 16691)  corrupto+0B (tot 0)  tipos: 1074:2783 1084:2783 1094:2783 1114:2783 1124:2783 1006:279 1230:279 1013:279 1033:278 1042:449 1045:287 1046:277 1019:359 1020:243 1044:46
2026-07-04 14:16:33.041 [INFO ] stats: mount=BASE1 ONLINE clientes=0  1.2 KB/s  frames+231 (tot 16922)  corrupto+0B (tot 0)  tipos: 1074:2812 1084:2812 1094:2812 1114:2812 1124:2812 1006:282 1230:282 1013:282 1033:281 1042:468 1045:301 1046:290 1019:375 1020:253 1044:48
2026-07-04 14:17:03.070 [INFO ] stats: mount=BASE1 ONLINE clientes=0  1.1 KB/s  frames+162 (tot 17084)  corrupto+0B (tot 0)  tipos: 1074:2842 1084:2842 1094:2842 1114:2842 1124:2842 1006:285 1230:285 1013:285 1033:284 1042:468 1045:301 1046:290 1019:375 1020:253 1044:48
2026-07-04 14:17:33.071 [INFO ] stats: mount=BASE1 ONLINE clientes=0  1.1 KB/s  frames+162 (tot 17246)  corrupto+0B (tot 0)  tipos: 1074:2872 1084:2872 1094:2872 1114:2872 1124:2872 1006:288 1230:288 1013:288 1033:287 1042:468 1045:301 1046:290 1019:375 1020:253 1044:48
2026-07-04 14:18:03.031 [INFO ] stats: mount=BASE1 ONLINE clientes=0  1.1 KB/s  frames+162 (tot 17408)  corrupto+0B (tot 0)  tipos: 1074:2902 1084:2902 1094:2902 1114:2902 1124:2902 1006:291 1230:291 1013:291 1033:290 1042:468 1045:301 1046:290 1019:375 1020:253 1044:48
2026-07-04 14:18:33.057 [INFO ] stats: mount=BASE1 ONLINE clientes=0  1.3 KB/s  frames+236 (tot 17644)  corrupto+0B (tot 0)  tipos: 1074:2932 1084:2932 1094:2932 1114:2932 1124:2932 1006:294 1230:294 1013:294 1033:293 1042:487 1045:315 1046:303 1019:391 1020:263 1044:50
2026-07-04 14:19:03.165 [INFO ] stats: mount=BASE1 ONLINE clientes=0  1.1 KB/s  frames+162 (tot 17806)  corrupto+0B (tot 0)  tipos: 1074:2962 1084:2962 1094:2962 1114:2962 1124:2962 1006:297 1230:297 1013:297 1033:296 1042:487 1045:315 1046:303 1019:391 1020:263 1044:50
2026-07-04 14:19:33.020 [INFO ] stats: mount=BASE1 ONLINE clientes=0  1.1 KB/s  frames+162 (tot 17968)  corrupto+0B (tot 0)  tipos: 1074:2992 1084:2992 1094:2992 1114:2992 1124:2992 1006:300 1230:300 1013:300 1033:299 1042:487 1045:315 1046:303 1019:391 1020:263 1044:50
2026-07-04 14:20:03.181 [INFO ] stats: mount=BASE1 ONLINE clientes=0  1.1 KB/s  frames+162 (tot 18130)  corrupto+0B (tot 0)  tipos: 1074:3022 1084:3022 1094:3022 1114:3022 1124:3022 1006:303 1230:303 1013:303 1033:302 1042:487 1045:315 1046:303 1019:391 1020:263 1044:50
2026-07-04 14:20:33.173 [INFO ] stats: mount=BASE1 ONLINE clientes=0  1.3 KB/s  frames+236 (tot 18366)  corrupto+0B (tot 0)  tipos: 1074:3052 1084:3052 1094:3052 1114:3052 1124:3052 1006:306 1230:306 1013:306 1033:305 1042:506 1045:329 1046:316 1019:407 1020:273 1044:52
2026-07-04 14:21:03.197 [INFO ] stats: mount=BASE1 ONLINE clientes=0  1.1 KB/s  frames+162 (tot 18528)  corrupto+0B (tot 0)  tipos: 1074:3082 1084:3082 1094:3082 1114:3082 1124:3082 1006:309 1230:309 1013:309 1033:308 1042:506 1045:329 1046:316 1019:407 1020:273 1044:52
2026-07-04 14:21:33.003 [INFO ] stats: mount=BASE1 ONLINE clientes=0  1.1 KB/s  frames+162 (tot 18690)  corrupto+0B (tot 0)  tipos: 1074:3112 1084:3112 1094:3112 1114:3112 1124:3112 1006:312 1230:312 1013:312 1033:311 1042:506 1045:329 1046:316 1019:407 1020:273 1044:52
2026-07-04 14:22:03.021 [INFO ] stats: mount=BASE1 ONLINE clientes=0  1.1 KB/s  frames+162 (tot 18852)  corrupto+0B (tot 0)  tipos: 1074:3142 1084:3142 1094:3142 1114:3142 1124:3142 1006:315 1230:315 1013:315 1033:314 1042:506 1045:329 1046:316 1019:407 1020:273 1044:52
2026-07-04 14:22:33.010 [INFO ] stats: mount=BASE1 ONLINE clientes=0  1.3 KB/s  frames+236 (tot 19088)  corrupto+0B (tot 0)  tipos: 1074:3172 1084:3172 1094:3172 1114:3172 1124:3172 1006:318 1230:318 1013:318 1033:317 1042:525 1045:343 1046:329 1019:423 1020:283 1044:54
2026-07-04 14:23:03.008 [INFO ] stats: mount=BASE1 ONLINE clientes=0  1.1 KB/s  frames+162 (tot 19250)  corrupto+0B (tot 0)  tipos: 1074:3202 1084:3202 1094:3202 1114:3202 1124:3202 1006:321 1230:321 1013:321 1033:320 1042:525 1045:343 1046:329 1019:423 1020:283 1044:54
2026-07-04 14:23:33.026 [INFO ] stats: mount=BASE1 ONLINE clientes=0  1.1 KB/s  frames+162 (tot 19412)  corrupto+0B (tot 0)  tipos: 1074:3232 1084:3232 1094:3232 1114:3232 1124:3232 1006:324 1230:324 1013:324 1033:323 1042:525 1045:343 1046:329 1019:423 1020:283 1044:54
2026-07-04 14:24:03.040 [INFO ] stats: mount=BASE1 ONLINE clientes=0  1.1 KB/s  frames+162 (tot 19574)  corrupto+0B (tot 0)  tipos: 1074:3262 1084:3262 1094:3262 1114:3262 1124:3262 1006:327 1230:327 1013:327 1033:326 1042:525 1045:343 1046:329 1019:423 1020:283 1044:54
2026-07-04 14:24:33.014 [INFO ] stats: mount=BASE1 ONLINE clientes=0  1.3 KB/s  frames+236 (tot 19810)  corrupto+0B (tot 0)  tipos: 1074:3292 1084:3292 1094:3292 1114:3292 1124:3292 1006:330 1230:330 1013:330 1033:329 1042:544 1045:357 1046:342 1019:439 1020:293 1044:56
2026-07-04 14:25:03.098 [INFO ] stats: mount=BASE1 ONLINE clientes=0  1.1 KB/s  frames+162 (tot 19972)  corrupto+0B (tot 0)  tipos: 1074:3322 1084:3322 1094:3322 1114:3322 1124:3322 1006:333 1230:333 1013:333 1033:332 1042:544 1045:357 1046:342 1019:439 1020:293 1044:56
2026-07-04 14:25:33.055 [INFO ] stats: mount=BASE1 ONLINE clientes=0  1.1 KB/s  frames+162 (tot 20134)  corrupto+0B (tot 0)  tipos: 1074:3352 1084:3352 1094:3352 1114:3352 1124:3352 1006:336 1230:336 1013:336 1033:335 1042:544 1045:357 1046:342 1019:439 1020:293 1044:56
2026-07-04 14:26:03.041 [INFO ] stats: mount=BASE1 ONLINE clientes=0  1.1 KB/s  frames+162 (tot 20296)  corrupto+0B (tot 0)  tipos: 1074:3382 1084:3382 1094:3382 1114:3382 1124:3382 1006:339 1230:339 1013:339 1033:338 1042:544 1045:357 1046:342 1019:439 1020:293 1044:56
2026-07-04 14:26:33.066 [INFO ] stats: mount=BASE1 ONLINE clientes=0  1.3 KB/s  frames+234 (tot 20530)  corrupto+0B (tot 0)  tipos: 1074:3412 1084:3412 1094:3412 1114:3412 1124:3412 1006:342 1230:342 1013:342 1033:341 1042:563 1045:371 1046:355 1019:455 1020:301 1044:58
2026-07-04 14:27:03.039 [INFO ] stats: mount=BASE1 ONLINE clientes=0  1.1 KB/s  frames+162 (tot 20692)  corrupto+0B (tot 0)  tipos: 1074:3442 1084:3442 1094:3442 1114:3442 1124:3442 1006:345 1230:345 1013:345 1033:344 1042:563 1045:371 1046:355 1019:455 1020:301 1044:58
2026-07-04 14:27:33.139 [INFO ] stats: mount=BASE1 ONLINE clientes=0  1.1 KB/s  frames+156 (tot 20848)  corrupto+0B (tot 0)  tipos: 1074:3471 1084:3471 1094:3471 1114:3471 1124:3471 1006:348 1230:348 1013:347 1033:347 1042:563 1045:371 1046:355 1019:455 1020:301 1044:58
2026-07-04 14:28:03.033 [INFO ] stats: mount=BASE1 ONLINE clientes=0  1.1 KB/s  frames+168 (tot 21016)  corrupto+0B (tot 0)  tipos: 1074:3502 1084:3502 1094:3502 1114:3502 1124:3502 1006:351 1230:351 1013:351 1033:350 1042:563 1045:371 1046:355 1019:455 1020:301 1044:58
2026-07-04 14:28:33.058 [INFO ] stats: mount=BASE1 ONLINE clientes=0  1.3 KB/s  frames+234 (tot 21250)  corrupto+0B (tot 0)  tipos: 1074:3532 1084:3532 1094:3532 1114:3532 1124:3532 1006:354 1230:354 1013:354 1033:353 1042:582 1045:385 1046:368 1019:471 1020:309 1044:60
2026-07-04 14:29:03.108 [INFO ] stats: mount=BASE1 ONLINE clientes=0  1.1 KB/s  frames+162 (tot 21412)  corrupto+0B (tot 0)  tipos: 1074:3562 1084:3562 1094:3562 1114:3562 1124:3562 1006:357 1230:357 1013:357 1033:356 1042:582 1045:385 1046:368 1019:471 1020:309 1044:60
2026-07-04 14:29:03.110 [INFO ] io: source fd=6 mp=BASE1 cerro la conexion (EOF)
2026-07-04 15:33:26.660 [INFO ] main: bye
2026-07-05 01:06:03.539 [INFO ] NtripCaster v1.001.1.10  'CasterCesar'  0.0.0.0:2101  conf=conf/ntripcaster.conf  log=ntripcaster.log
2026-07-05 01:06:03.566 [ERROR] main: io_engine_init fallo (puerto 2101 ocupado?)
2026-07-05 01:10:28.070 [INFO ] NtripCaster v1.001.1.11  'CasterCesar'  0.0.0.0:0  conf=conf/ntripcaster.conf  log=ntripcaster.log
2026-07-05 01:10:40.264 [INFO ] main: bye
2026-07-05 01:11:21.804 [INFO ] NtripCaster v1.001.1.11  'CasterCesar'  0.0.0.0:2101  conf=conf/ntripcaster.conf  log=ntripcaster.log
2026-07-05 01:12:25.627 [INFO ] ntrip: SOURCE v1 fd=6 mp=BASE1 addr=127.0.0.1:47484
2026-07-05 01:12:25.628 [INFO ] ntrip: source v1 registrado fd=6 mp=BASE1
2026-07-05 01:12:35.466 [INFO ] io: source fd=6 mp=BASE1 cerro la conexion (EOF)
2026-07-05 01:12:39.220 [INFO ] ntrip: SOURCE v1 fd=6 mp=BASE1 addr=127.0.0.1:45004
2026-07-05 01:12:39.221 [INFO ] ntrip: source v1 registrado fd=6 mp=BASE1
2026-07-05 01:12:52.861 [INFO ] stats: mount=BASE1 ONLINE clientes=0  1.0 KB/s  frames+75 (tot 75)  corrupto+0B (tot 0)  tipos: 1114:12 1124:24 1006:2 1230:2 1074:11 1084:11 1094:11 1013:1 1033:1
2026-07-05 01:12:54.724 [INFO ] ntrip: CLIENT fd=7 mp=BASE1 user=rover1 v1 addr=127.0.0.1:42392
2026-07-05 01:12:54.724 [INFO ] ntrip: client suscrito fd=7 mp=BASE1
2026-07-05 01:13:22.179 [INFO ] stats: mount=BASE1 ONLINE clientes=1  1.4 KB/s  frames+205 (tot 280)  corrupto+0B (tot 0)  tipos: 1114:44 1124:88 1006:5 1230:5 1074:43 1084:43 1094:43 1013:5 1033:4
2026-07-05 01:13:52.125 [INFO ] stats: mount=BASE1 ONLINE clientes=1  1.4 KB/s  frames+192 (tot 472)  corrupto+0B (tot 0)  tipos: 1114:74 1124:148 1006:8 1230:8 1074:73 1084:73 1094:73 1013:8 1033:7
2026-07-05 01:14:22.046 [INFO ] stats: mount=BASE1 ONLINE clientes=1  1.4 KB/s  frames+236 (tot 708)  corrupto+0B (tot 0)  tipos: 1114:104 1124:206 1006:11 1230:11 1074:103 1084:103 1094:103 1013:11 1033:10 1042:20 1045:13 1046:13
2026-07-05 01:14:39.258 [WARN ] io: shutdown -- cerrando conexion residual fd=7 tipo=client mp=BASE1 (rx=0 tx=300614)
2026-07-05 01:14:39.259 [WARN ] io: shutdown -- cerrando conexion residual fd=6 tipo=source mp=BASE1 (rx=169065 tx=0)
2026-07-05 01:14:39.259 [INFO ] io: shutdown -- 2 conexion(es) residual(es) cerradas
2026-07-05 01:14:39.264 [INFO ] main: bye
2026-07-05 01:15:14.611 [INFO ] NtripCaster v1.001.1.11  'CasterCesar'  0.0.0.0:2101  conf=conf/ntripcaster.conf  log=ntripcaster.log
2026-07-05 01:15:14.841 [INFO ] ntrip: CLIENT fd=6 mp=BASE1 user=rover1 v1 addr=127.0.0.1:41224
2026-07-05 01:15:15.186 [INFO ] ntrip: SOURCE v1 fd=6 mp=BASE1 addr=127.0.0.1:41230
2026-07-05 01:15:15.187 [INFO ] ntrip: source v1 registrado fd=6 mp=BASE1
2026-07-05 01:15:23.998 [INFO ] ntrip: CLIENT fd=7 mp=BASE1 user=rover1 v1 addr=127.0.0.1:48420
2026-07-05 01:15:23.999 [INFO ] ntrip: client suscrito fd=7 mp=BASE1
2026-07-05 01:15:46.038 [INFO ] stats: mount=BASE1 ONLINE clientes=1  1.3 KB/s  frames+198 (tot 198)  corrupto+0B (tot 0)  tipos: 1074:31 1084:31 1094:31 1114:31 1124:62 1033:3 1006:3 1230:3 1013:3
2026-07-05 01:16:16.045 [INFO ] stats: mount=BASE1 ONLINE clientes=1  1.4 KB/s  frames+205 (tot 403)  corrupto+0B (tot 0)  tipos: 1074:63 1084:63 1094:63 1114:63 1124:126 1033:7 1006:6 1230:6 1013:6
2026-07-05 01:16:32.392 [WARN ] io: shutdown -- cerrando conexion residual fd=7 tipo=client mp=BASE1 (rx=0 tx=196452)
2026-07-05 01:16:32.392 [WARN ] io: shutdown -- cerrando conexion residual fd=6 tipo=source mp=BASE1 (rx=111950 tx=0)
2026-07-05 01:16:32.393 [INFO ] io: shutdown -- 2 conexion(es) residual(es) cerradas
2026-07-05 01:16:32.397 [INFO ] main: bye
2026-07-05 09:08:49.193 [INFO ] NtripCaster v1.001.1.11  'CasterCesar'  0.0.0.0:2101  conf=conf/ntripcaster.conf  log=ntripcaster.log
2026-07-05 09:27:48.302 [INFO ] main: bye
2026-07-05 09:28:14.149 [INFO ] NtripCaster v1.001.1.11  'CasterCesar'  0.0.0.0:2101  conf=conf/ntripcaster.conf  log=ntripcaster.log
2026-07-05 09:28:27.366 [INFO ] ntrip: SOURCE v1 fd=6 mp=BASE1 addr=127.0.0.1:47782
2026-07-05 09:28:27.367 [INFO ] ntrip: source v1 registrado fd=6 mp=BASE1
2026-07-05 09:28:44.151 [INFO ] stats: mount=BASE1 ONLINE clientes=0  0.8 KB/s  frames+113 (tot 113)  corrupto+0B (tot 0)  tipos: 1074:18 1084:18 1094:18 1114:18 1124:34 1006:2 1230:2 1013:2 1033:1
2026-07-05 09:29:14.073 [INFO ] stats: mount=BASE1 ONLINE clientes=0  1.4 KB/s  frames+188 (tot 301)  corrupto+0B (tot 0)  tipos: 1074:47 1084:47 1094:47 1114:47 1124:94 1006:5 1230:5 1013:5 1033:4
2026-07-05 09:29:44.099 [INFO ] stats: mount=BASE1 ONLINE clientes=0  1.4 KB/s  frames+192 (tot 493)  corrupto+0B (tot 0)  tipos: 1074:77 1084:77 1094:77 1114:77 1124:154 1006:8 1230:8 1013:8 1033:7
2026-07-05 09:30:14.167 [INFO ] stats: mount=BASE1 ONLINE clientes=0  1.3 KB/s  frames+186 (tot 679)  corrupto+0B (tot 0)  tipos: 1074:106 1084:106 1094:106 1114:106 1124:212 1006:11 1230:11 1013:11 1033:10
2026-07-05 09:30:44.070 [INFO ] stats: mount=BASE1 ONLINE clientes=0  1.6 KB/s  frames+275 (tot 954)  corrupto+0B (tot 0)  tipos: 1074:136 1084:136 1094:136 1114:136 1124:272 1006:14 1230:14 1013:14 1033:13 1042:22 1045:14 1046:15 1019:18 1020:11 1044:3
2026-07-05 09:31:14.105 [INFO ] stats: mount=BASE1 ONLINE clientes=0  1.4 KB/s  frames+192 (tot 1146)  corrupto+0B (tot 0)  tipos: 1074:166 1084:166 1094:166 1114:166 1124:332 1006:17 1230:17 1013:17 1033:16 1042:22 1045:14 1046:15 1019:18 1020:11 1044:3
2026-07-05 09:31:46.251 [INFO ] stats: mount=BASE1 ONLINE clientes=0  1.4 KB/s  frames+204 (tot 1350)  corrupto+0B (tot 0)  tipos: 1074:198 1084:198 1094:198 1114:198 1124:396 1006:20 1230:20 1013:20 1033:19 1042:22 1045:14 1046:15 1019:18 1020:11 1044:3
2026-07-05 09:31:48.182 [INFO ] ntrip: CLIENT fd=7 mp=BASE1 user=rover1 v1 addr=127.0.0.1:32818
2026-07-05 09:31:48.183 [INFO ] ntrip: client suscrito fd=7 mp=BASE1
2026-07-05 09:32:16.081 [INFO ] stats: mount=BASE1 ONLINE clientes=1  1.5 KB/s  frames+205 (tot 1555)  corrupto+0B (tot 0)  tipos: 1074:230 1084:230 1094:230 1114:230 1124:460 1006:23 1230:23 1013:23 1033:23 1042:22 1045:14 1046:15 1019:18 1020:11 1044:3
2026-07-05 09:32:46.154 [INFO ] stats: mount=BASE1 ONLINE clientes=0  1.6 KB/s  frames+269 (tot 1824)  corrupto+0B (tot 0)  tipos: 1074:260 1084:260 1094:260 1114:260 1124:520 1006:26 1230:26 1013:26 1033:26 1042:42 1045:28 1046:30 1019:32 1020:22 1044:6
2026-07-05 09:33:05.789 [INFO ] io: source fd=6 mp=BASE1 cerro la conexion (EOF)
2026-07-05 09:33:09.000 [INFO ] main: bye
2026-07-05 09:34:11.475 [INFO ] NtripCaster v1.001.1.11  'CasterCesar'  0.0.0.0:2101  conf=conf/ntripcaster.conf  log=ntripcaster.log
2026-07-05 09:34:26.210 [INFO ] ntrip: SOURCE v1 fd=6 mp=BASE1 addr=127.0.0.1:34974
2026-07-05 09:34:26.211 [INFO ] ntrip: source v1 registrado fd=6 mp=BASE1
2026-07-05 09:34:41.059 [INFO ] stats: mount=BASE1 ONLINE clientes=0  0.6 KB/s  frames+86 (tot 86)  corrupto+0B (tot 0)  tipos: 1124:28 1074:13 1084:13 1094:13 1114:13 1006:2 1230:2 1013:1 1033:1
2026-07-05 09:34:41.839 [INFO ] ntrip: CLIENT fd=7 mp=BASE1 user=rover1 v1 addr=127.0.0.1:47638
2026-07-05 09:34:41.839 [INFO ] ntrip: client suscrito fd=7 mp=BASE1
2026-07-05 09:34:52.250 [INFO ] ntrip: CLIENT fd=8 mp=BASE1 user=rover1 v1 addr=127.0.0.1:33826
2026-07-05 09:34:52.251 [INFO ] ntrip: client suscrito fd=8 mp=BASE1
2026-07-05 09:35:12.236 [INFO ] stats: mount=BASE1 ONLINE clientes=1  1.4 KB/s  frames+198 (tot 284)  corrupto+0B (tot 0)  tipos: 1124:90 1074:44 1084:44 1094:44 1114:44 1006:5 1230:5 1013:4 1033:4
2026-07-05 09:35:26.296 [INFO ] io: source fd=6 mp=BASE1 cerro la conexion (EOF)
2026-07-05 09:35:42.112 [INFO ] stats: mount=BASE1 offline clientes=0  0.7 KB/s  frames+96 (tot 380)  corrupto+0B (tot 0)  tipos: 1124:120 1074:59 1084:59 1094:59 1114:59 1006:6 1230:6 1013:6 1033:6
2026-07-05 09:42:27.701 [INFO ] main: SIGHUP recibido - recargando registro de auth
2026-07-05 10:39:07.325 [INFO ] NtripCaster v1.001.1.12  'CasterCesar'  0.0.0.0:2101  conf=conf/ntripcaster.conf  log=ntripcaster.log
2026-07-05 10:39:07.328 [INFO ] auth: registro cargado desde 'conf/ntripcaster.conf': 1 source(s), 2 cliente(s)
2026-07-05 10:39:07.354 [INFO ] broker: initialized  max_clients=1024 max_sources=128
2026-07-05 10:39:07.356 [INFO ] io: listening on 0.0.0.0:2101  threads=12
2026-07-05 10:39:10.784 [INFO ] ntrip: fd=6 -> request:
GET / HTTP/1.1
Host: localhost:2101
User-Agent: Mozilla/5.0 (Windows NT 10.0; Win64; x64; rv:152.0) Gecko/20100101 Firefox/152.0
Accept: text/html,application/xhtml+xml,application/xml;q=0.9,*/*;q=0.8
Accept-Language: es-ES,es;q=0.9,en-US;q=0.8,en;q=0.7
Accept-Encoding: gzip, deflate, br, zstd
Connection: keep-alive
Upgrade-Insecure-Requests: 1
Sec-Fetch-Dest: document
Sec-Fetch-Mode: navigate
Sec-Fetch-Site: none
Sec-Fetch-User: ?1
Priority: u=0, i
2026-07-05 10:39:10.785 [INFO ] broker: conn_free fd=6 type=unknown  rx=0 tx=0 bytes
2026-07-05 10:39:59.667 [INFO ] ntrip: fd=6 -> request:
SOURCE *** /BASE1
Host: localhost:2101
Source-Agent: NTRIP sNTRIP/3.05.00n
SNIP-Agent: [/wEVAL/3.05.00/O000] [ /  /  / ] 
SNIP-AccountId: OPEN
STR: ;RTCM 3;PENDING;;;SNIP;XXX;0.0;0.0;0;0;sNTRIP;none;N;N;0;none;
Accept: */*
Connection: close
2026-07-05 10:39:59.667 [INFO ] ntrip: SOURCE v1 fd=6 mp=BASE1 addr=127.0.0.1:40358
2026-07-05 10:39:59.667 [INFO ] mount:BASE1 source attached fd=6 addr=127.0.0.1:40358
2026-07-05 10:39:59.667 [INFO ] ntrip: source v1 registrado fd=6 mp=BASE1
2026-07-05 10:40:07.040 [INFO ] stats: mount=BASE1 ONLINE clientes=0  0.3 KB/s  frames+49 (tot 49)  corrupto+0B (tot 0)  tipos: 1124:16 1006:1 1230:1 1074:8 1084:7 1094:7 1114:7 1013:1 1033:1
2026-07-05 10:40:37.144 [INFO ] stats: mount=BASE1 ONLINE clientes=0  1.5 KB/s  frames+272 (tot 321)  corrupto+0B (tot 0)  tipos: 1124:74 1006:4 1230:4 1074:37 1084:37 1094:37 1114:37 1013:4 1033:4 1042:19 1045:17 1046:17 1019:16 1020:11 1044:3
2026-07-05 10:41:07.078 [INFO ] stats: mount=BASE1 ONLINE clientes=0  1.3 KB/s  frames+190 (tot 511)  corrupto+0B (tot 0)  tipos: 1124:134 1006:7 1230:7 1074:67 1084:67 1094:66 1114:66 1013:7 1033:7 1042:19 1045:17 1046:17 1019:16 1020:11 1044:3
2026-07-05 10:41:14.159 [INFO ] ntrip: fd=7 -> request:
GET /BASE1 HTTP/1.0
User-Agent: NTRIP RTKLIB/2.4.3
Authorization: Basic ***
2026-07-05 10:41:14.160 [INFO ] ntrip: CLIENT fd=7 mp=BASE1 user=rover1 v1 addr=127.0.0.1:38106
2026-07-05 10:41:14.160 [INFO ] mount:BASE1 client subscribed fd=7 addr=127.0.0.1:38106  total=1
2026-07-05 10:41:14.160 [INFO ] ntrip: client suscrito fd=7 mp=BASE1
2026-07-05 10:41:37.150 [INFO ] stats: mount=BASE1 ONLINE clientes=1  1.3 KB/s  frames+190 (tot 701)  corrupto+0B (tot 0)  tipos: 1124:194 1006:10 1230:10 1074:96 1084:96 1094:96 1114:96 1013:10 1033:10 1042:19 1045:17 1046:17 1019:16 1020:11 1044:3
2026-07-05 10:42:08.224 [INFO ] stats: mount=BASE1 ONLINE clientes=1  1.3 KB/s  frames+198 (tot 899)  corrupto+0B (tot 0)  tipos: 1124:256 1006:13 1230:13 1074:127 1084:127 1094:127 1114:127 1013:13 1033:13 1042:19 1045:17 1046:17 1019:16 1020:11 1044:3
2026-07-05 10:42:38.066 [INFO ] stats: mount=BASE1 ONLINE clientes=1  1.6 KB/s  frames+291 (tot 1190)  corrupto+0B (tot 0)  tipos: 1124:320 1006:16 1230:16 1074:160 1084:160 1094:160 1114:160 1013:16 1033:16 1042:38 1045:34 1046:34 1019:32 1020:22 1044:6
2026-07-05 10:43:08.083 [INFO ] stats: mount=BASE1 ONLINE clientes=1  1.3 KB/s  frames+186 (tot 1376)  corrupto+0B (tot 0)  tipos: 1124:378 1006:19 1230:19 1074:189 1084:189 1094:189 1114:189 1013:19 1033:19 1042:38 1045:34 1046:34 1019:32 1020:22 1044:6
2026-07-05 10:43:38.118 [INFO ] stats: mount=BASE1 ONLINE clientes=1  1.3 KB/s  frames+188 (tot 1564)  corrupto+0B (tot 0)  tipos: 1124:438 1006:22 1230:22 1074:218 1084:218 1094:218 1114:218 1013:22 1033:22 1042:38 1045:34 1046:34 1019:32 1020:22 1044:6
2026-07-05 10:44:02.859 [WARN ] io: shutdown -- cerrando conexion residual fd=7 tipo=client mp=BASE1 (rx=0 tx=471450)
2026-07-05 10:44:02.860 [INFO ] mount:BASE1 client unsubscribed fd=7  remaining=0
2026-07-05 10:44:02.860 [INFO ] broker: conn_free fd=7 type=client  rx=0 tx=471450 bytes
2026-07-05 10:44:02.860 [WARN ] io: shutdown -- cerrando conexion residual fd=6 tipo=source mp=BASE1 (rx=342088 tx=0)
2026-07-05 10:44:02.861 [INFO ] mount:BASE1 source detached fd=6  relayed=342088 bytes / 1719 frames
2026-07-05 10:44:02.861 [INFO ] broker: conn_free fd=6 type=source  rx=342088 tx=0 bytes
2026-07-05 10:44:02.861 [INFO ] io: shutdown -- 2 conexion(es) residual(es) cerradas
2026-07-05 10:44:02.861 [INFO ] io: engine destroyed
2026-07-05 10:44:02.862 [INFO ] broker: destroyed
2026-07-05 10:44:02.865 [INFO ] main: bye
